<?xml version="1.0" encoding="UTF-8" standalone="no"?>
<testsuite errors="0" failures="1" name="io.cucumber.core.plugin.JUnitFormatter" skipped="0" tests="1" time="0.2">
    <testcase classname="Google Search" name="Search for a term" time="0.053">
        <failure message="The scenario has pending or undefined step(s)" type="java.lang.Exception"><![CDATA[Given I am on the Google search page........................................undefined
When I search for "GitHub"..................................................skipped
Then I should see "GitHub" in the results...................................skipped
]]></failure>
    </testcase>
</testsuite>
